<?xml version="1.0" encoding="UTF-8"?>
<!-- Generated by org.testng.reporters.JUnitXMLReporter -->
<testsuite ignored="8" hostname="REENA-S-N-50CHT74E" failures="0" tests="1" name="Default test" time="16.042" errors="0" timestamp="2025-03-11T20:52:09 IST">
  <testcase classname="com.sevenrmartsupermarket.tests.AdminUsersTest" name="verify_SearchButtonFunctionalityForValidUser" time="5.431"/>
  <testcase classname="com.sevenrmartsupermarket.tests.AdminUsersTest" name="verify_PasswordButtonShowsDetails" time="0.0">
    <ignored/>
  </testcase> <!-- verify_PasswordButtonShowsDetails -->
  <testcase classname="com.sevenrmartsupermarket.tests.AdminUsersTest" name="verify_Buttons_AdminUsersPage" time="0.0">
    <ignored/>
  </testcase> <!-- verify_Buttons_AdminUsersPage -->
  <testcase classname="com.sevenrmartsupermarket.tests.AdminUsersTest" name="verify_AddNewUser" time="0.0">
    <ignored/>
  </testcase> <!-- verify_AddNewUser -->
  <testcase classname="com.sevenrmartsupermarket.tests.AdminUsersTest" name="verify_verify_SearchButtonFunctionalityForInValidUser" time="0.0">
    <ignored/>
  </testcase> <!-- verify_verify_SearchButtonFunctionalityForInValidUser -->
  <testcase classname="com.sevenrmartsupermarket.tests.AdminUsersTest" name="verify_AddDuplicateUser" time="0.0">
    <ignored/>
  </testcase> <!-- verify_AddDuplicateUser -->
  <testcase classname="com.sevenrmartsupermarket.tests.AdminUsersTest" name="verify_EditButtonFunctinality" time="0.0">
    <ignored/>
  </testcase> <!-- verify_EditButtonFunctinality -->
  <testcase classname="com.sevenrmartsupermarket.tests.AdminUsersTest" name="verify_UserStatusChangeButtonFunctionality" time="0.0">
    <ignored/>
  </testcase> <!-- verify_UserStatusChangeButtonFunctionality -->
  <testcase classname="com.sevenrmartsupermarket.tests.AdminUsersTest" name="verify_DeleteButtonFunctionality" time="0.0">
    <ignored/>
  </testcase> <!-- verify_DeleteButtonFunctionality -->
</testsuite> <!-- Default test -->
