<?xml version="1.0" encoding="UTF-8"?>
<!-- Generated by org.testng.reporters.JUnitXMLReporter -->
<testsuite ignored="0" hostname="REENA-S-N-50CHT74E" failures="0" tests="2" name="runningfirefox" time="8.482" errors="0" timestamp="2025-03-10T20:59:39 IST">
  <testcase classname="com.sevenrmartsupermarket.tests.LoginTest" name="verifyInvalidLogin" time="0.0">
    <skipped/>
  </testcase> <!-- verifyInvalidLogin -->
  <testcase classname="com.sevenrmartsupermarket.tests.LoginTest" name="verifyLogin" time="0.0">
    <skipped/>
  </testcase> <!-- verifyLogin -->
</testsuite> <!-- runningfirefox -->
