<?xml version="1.0" encoding="UTF-8"?>
<!-- Generated by org.testng.reporters.JUnitXMLReporter -->
<testsuite ignored="3" hostname="REENA-S-N-50CHT74E" failures="0" tests="3" name="regressionrun" time="11.158" errors="0" timestamp="2025-03-10T23:33:28 IST">
  <testcase classname="com.sevenrmartsupermarket.tests.LoginTest" name="verifyInvalidLogin" time="1.134"/>
  <testcase classname="com.sevenrmartsupermarket.tests.LoginTest" name="verifyLogin" time="0.674"/>
  <testcase classname="com.sevenrmartsupermarket.tests.CategoryTest" name="verify_Buttons_New_AddCategoryFunctionality" time="3.346"/>
  <testcase classname="com.sevenrmartsupermarket.tests.CategoryTest" name="verify_Buttons_New_Add_DuplicateCategory" time="0.0">
    <ignored/>
  </testcase> <!-- verify_Buttons_New_Add_DuplicateCategory -->
  <testcase classname="com.sevenrmartsupermarket.tests.CategoryTest" name="verify_Buttons_SearchFunctionality" time="0.0">
    <ignored/>
  </testcase> <!-- verify_Buttons_SearchFunctionality -->
  <testcase classname="com.sevenrmartsupermarket.tests.CategoryTest" name="verify__DeleteButtonsFunctionality" time="0.0">
    <ignored/>
  </testcase> <!-- verify__DeleteButtonsFunctionality -->
</testsuite> <!-- regressionrun -->
