<?xml version="1.0" encoding="UTF-8"?>
<testng-results ignored="8" total="9" passed="1" failed="0" skipped="0">
  <reporter-output>
  </reporter-output>
  <suite started-at="2025-03-11T20:51:52 IST" name="Default suite" finished-at="2025-03-11T20:52:09 IST" duration-ms="16042">
    <groups>
    </groups>
    <test started-at="2025-03-11T20:51:52 IST" name="Default test" finished-at="2025-03-11T20:52:09 IST" duration-ms="16042">
      <class name="com.sevenrmartsupermarket.tests.AdminUsersTest">
        <test-method is-config="true" signature="launchSession()[pri:0, instance:com.sevenrmartsupermarket.tests.AdminUsersTest@77f80c04]" started-at="2025-03-11T20:51:53 IST" name="launchSession" finished-at="2025-03-11T20:52:03 IST" duration-ms="10227" status="PASS">
          <reporter-output>
          </reporter-output>
        </test-method> <!-- launchSession -->
        <test-method signature="verify_SearchButtonFunctionalityForValidUser()[pri:3, instance:com.sevenrmartsupermarket.tests.AdminUsersTest@77f80c04]" started-at="2025-03-11T20:52:03 IST" name="verify_SearchButtonFunctionalityForValidUser" finished-at="2025-03-11T20:52:09 IST" duration-ms="5431" status="PASS">
          <reporter-output>
          </reporter-output>
        </test-method> <!-- verify_SearchButtonFunctionalityForValidUser -->
        <test-method is-config="true" signature="terminateSession(org.testng.ITestResult)[pri:0, instance:com.sevenrmartsupermarket.tests.AdminUsersTest@77f80c04]" started-at="2025-03-11T20:52:09 IST" name="terminateSession" finished-at="2025-03-11T20:52:09 IST" duration-ms="6" status="PASS">
          <params>
            <param index="0">
              <value>
                <![CDATA[[TestResult name=verify_SearchButtonFunctionalityForValidUser status=SUCCESS method=AdminUsersTest.verify_SearchButtonFunctionalityForValidUser()[pri:3, instance:com.sevenrmartsupermarket.tests.AdminUsersTest@77f80c04] output={null}]]]>
              </value>
            </param>
          </params>
          <reporter-output>
          </reporter-output>
        </test-method> <!-- terminateSession -->
      </class> <!-- com.sevenrmartsupermarket.tests.AdminUsersTest -->
    </test> <!-- Default test -->
  </suite> <!-- Default suite -->
</testng-results>
